<?xml version="1.0" encoding="UTF-8"?>
<testng-results skipped="0" failed="0" ignored="0" total="2" passed="2">
  <reporter-output>
  </reporter-output>
  <suite name="Suite" duration-ms="10953" started-at="2022-02-06T07:37:09Z" finished-at="2022-02-06T07:37:20Z">
    <groups>
    </groups>
    <test name="Test" duration-ms="10953" started-at="2022-02-06T07:37:09Z" finished-at="2022-02-06T07:37:20Z">
      <class name="qaautomation.january2022.APITest">
        <test-method status="PASS" signature="login()[pri:0, instance:qaautomation.january2022.APITest@65045a87]" name="login" is-config="true" duration-ms="5361" started-at="2022-02-06T07:37:09Z" finished-at="2022-02-06T07:37:15Z">
          <reporter-output>
          </reporter-output>
        </test-method> <!-- login -->
        <test-method status="PASS" signature="configurations()[pri:0, instance:qaautomation.january2022.APITest@65045a87]" name="configurations" duration-ms="1425" started-at="2022-02-06T07:37:15Z" finished-at="2022-02-06T07:37:16Z">
          <reporter-output>
          </reporter-output>
        </test-method> <!-- configurations -->
        <test-method status="PASS" signature="login()[pri:0, instance:qaautomation.january2022.APITest@65045a87]" name="login" is-config="true" duration-ms="1722" started-at="2022-02-06T07:37:16Z" finished-at="2022-02-06T07:37:18Z">
          <reporter-output>
          </reporter-output>
        </test-method> <!-- login -->
        <test-method status="PASS" signature="dashboardAPI()[pri:0, instance:qaautomation.january2022.APITest@65045a87]" name="dashboardAPI" duration-ms="2167" started-at="2022-02-06T07:37:18Z" finished-at="2022-02-06T07:37:20Z">
          <reporter-output>
          </reporter-output>
        </test-method> <!-- dashboardAPI -->
      </class> <!-- qaautomation.january2022.APITest -->
    </test> <!-- Test -->
  </suite> <!-- Suite -->
</testng-results>
