<?xml version="1.0" encoding="UTF-8"?>
<testng-results skipped="0" failed="0" ignored="0" total="3" passed="3">
  <reporter-output>
  </reporter-output>
  <suite name="Default suite" duration-ms="6597" started-at="2022-02-06T15:58:50 ICT" finished-at="2022-02-06T15:58:56 ICT">
    <groups>
    </groups>
    <test name="Default test" duration-ms="6597" started-at="2022-02-06T15:58:50 ICT" finished-at="2022-02-06T15:58:56 ICT">
      <class name="qaautomation.january2022.GraphQLTest">
        <test-method status="PASS" signature="checkCEO()[pri:0, instance:qaautomation.january2022.GraphQLTest@441772e]" name="checkCEO" duration-ms="4583" started-at="2022-02-06T15:58:50 ICT" finished-at="2022-02-06T15:58:54 ICT">
          <reporter-output>
          </reporter-output>
        </test-method> <!-- checkCEO -->
        <test-method status="PASS" signature="fakerTest()[pri:0, instance:qaautomation.january2022.GraphQLTest@441772e]" name="fakerTest" duration-ms="421" started-at="2022-02-06T15:58:54 ICT" finished-at="2022-02-06T15:58:55 ICT">
          <reporter-output>
          </reporter-output>
        </test-method> <!-- fakerTest -->
        <test-method status="PASS" signature="launchRocketWithVariable()[pri:0, instance:qaautomation.january2022.GraphQLTest@441772e]" name="launchRocketWithVariable" duration-ms="1428" started-at="2022-02-06T15:58:55 ICT" finished-at="2022-02-06T15:58:56 ICT">
          <reporter-output>
          </reporter-output>
        </test-method> <!-- launchRocketWithVariable -->
      </class> <!-- qaautomation.january2022.GraphQLTest -->
    </test> <!-- Default test -->
  </suite> <!-- Default suite -->
</testng-results>
